<?xml version="1.0" encoding="UTF-8"?>
<!-- Generated by org.testng.reporters.JUnitXMLReporter -->
<testsuite ignored="0" hostname="Abhijits-MacBook-Air.local" failures="0" tests="3" name="Default test" time="18.033" errors="0" timestamp="2023-08-14T17:54:45 IST">
  <testcase classname="TestNg.Data_Provider" name="demo" time="6.89"/>
  <testcase classname="TestNg.Data_Provider" name="demo" time="5.376"/>
  <testcase classname="TestNg.Data_Provider" name="demo" time="5.621"/>
</testsuite> <!-- Default test -->
