<?xml version="1.0" encoding="UTF-8"?>
<testng-results ignored="0" total="3" passed="3" failed="0" skipped="0">
  <reporter-output>
  </reporter-output>
  <suite started-at="2023-08-14T17:54:27 IST" name="Default suite" finished-at="2023-08-14T17:54:45 IST" duration-ms="18033">
    <groups>
    </groups>
    <test started-at="2023-08-14T17:54:27 IST" name="Default test" finished-at="2023-08-14T17:54:45 IST" duration-ms="18033">
      <class name="TestNg.Data_Provider">
        <test-method signature="demo(java.lang.String,java.lang.String)[pri:0, instance:TestNg.Data_Provider@2dc54ad4]" started-at="2023-08-14T17:54:27 IST" name="demo" data-provider="getData" finished-at="2023-08-14T17:54:34 IST" duration-ms="6890" status="PASS">
          <params>
            <param index="0">
              <value>
                <![CDATA[ugitit]]>
              </value>
            </param>
            <param index="1">
              <value>
                <![CDATA[jhsahcuhc]]>
              </value>
            </param>
          </params>
          <reporter-output>
          </reporter-output>
        </test-method> <!-- demo -->
        <test-method signature="demo(java.lang.String,java.lang.String)[pri:0, instance:TestNg.Data_Provider@2dc54ad4]" started-at="2023-08-14T17:54:34 IST" name="demo" data-provider="getData" finished-at="2023-08-14T17:54:39 IST" duration-ms="5376" status="PASS">
          <params>
            <param index="0">
              <value>
                <![CDATA[112233]]>
              </value>
            </param>
            <param index="1">
              <value>
                <![CDATA[SD099]]>
              </value>
            </param>
          </params>
          <reporter-output>
          </reporter-output>
        </test-method> <!-- demo -->
        <test-method signature="demo(java.lang.String,java.lang.String)[pri:0, instance:TestNg.Data_Provider@2dc54ad4]" started-at="2023-08-14T17:54:39 IST" name="demo" data-provider="getData" finished-at="2023-08-14T17:54:45 IST" duration-ms="5621" status="PASS">
          <params>
            <param index="0">
              <value>
                <![CDATA[AS22222222##]]>
              </value>
            </param>
            <param index="1">
              <value>
                <![CDATA[fgehhrh]]>
              </value>
            </param>
          </params>
          <reporter-output>
          </reporter-output>
        </test-method> <!-- demo -->
      </class> <!-- TestNg.Data_Provider -->
    </test> <!-- Default test -->
  </suite> <!-- Default suite -->
</testng-results>
